[PREINITIALIZATION][SERVER][INFO] Thank you to the Patreon supporters below and others who make CraftTweaker possible!
DreamThorn
Spencer Gilbert
Jellycraft
Jordan Pineo
Belathus
NerdyWhiteGuy
Zuniroa
embeddedt
Jonathan McManus
NickT
Hooley
Ivy_
Pongo Sapiens
Jessie Sims
Ncc1702
Peregrinus11
Quaternary
Genryu
Lucas
If you want to support the mod, checkout https://patreon.com/jaredlll08?s=crtmod

[PREINITIALIZATION][SERVER][INFO] Current loaders after merging: [[preinit]]
[PREINITIALIZATION][SERVER][INFO] Loading scripts for loader with names [preinit]
[PREINITIALIZATION][SERVER][INFO] Completed script loading in: 1ms
[PREINITIALIZATION][SERVER][INFO] Current loaders after merging: [[preinit], [contenttweaker]]
[PREINITIALIZATION][SERVER][INFO] Loading scripts for loader with names [contenttweaker]
[PREINITIALIZATION][SERVER][INFO] Completed script loading in: 0ms
[INITIALIZATION][SERVER][INFO] CraftTweaker: Building registry
[INITIALIZATION][SERVER][INFO] CraftTweaker: Successfully built item registry
[INITIALIZATION][SERVER][INFO] Current loaders after merging: [[preinit], [contenttweaker], [recipeevent | crafttweaker]]
[INITIALIZATION][SERVER][INFO] Loading scripts for loader with names [crafttweaker | recipeevent]
[INITIALIZATION][SERVER][INFO] Completed script loading in: 0ms
[POSTINITIALIZATION][SERVER][INFO] Removing recipes for various outputs
