[00:00:21] [Server thread/INFO] [net.minecraft.server.dedicated.DedicatedServer]: thiagito_pro1 was slain by Rupter
[00:00:25] [Server thread/INFO] [net.minecraft.server.dedicated.DedicatedServer]: [kaneki46531: Teleported thiagito_pro1 to kaneki46531]
[00:00:26] [Server thread/INFO] [net.minecraft.server.dedicated.DedicatedServer]: kaneki46531 was slain by Rupter
[00:00:31] [Server thread/INFO] [net.minecraft.server.dedicated.DedicatedServer]: [kaneki46531: Teleported thiagito_pro1 to kaneki46531]
[00:03:12] [Server thread/INFO] [net.minecraft.server.dedicated.DedicatedServer]: [kaneki46531: Teleported thiagito_pro1 to kaneki46531]
[00:03:27] [Server thread/INFO] [net.minecraft.server.dedicated.DedicatedServer]: thiagito_pro1 was slain by Rupter
[00:03:31] [Server thread/INFO] [net.minecraft.server.dedicated.DedicatedServer]: [kaneki46531: Teleported thiagito_pro1 to kaneki46531]
[00:03:40] [Server thread/INFO] [net.minecraft.server.dedicated.DedicatedServer]: kaneki46531 was slain by Rupter
[00:03:46] [Server thread/INFO] [net.minecraft.server.dedicated.DedicatedServer]: [kaneki46531: Teleported thiagito_pro1 to kaneki46531]
[00:04:28] [Server thread/INFO] [net.minecraft.server.dedicated.DedicatedServer]: thiagito_pro1 was killed by Skeleton using magic
[00:04:30] [Server thread/INFO] [net.minecraft.server.dedicated.DedicatedServer]: [kaneki46531: Teleported thiagito_pro1 to kaneki46531]
[00:04:39] [Server thread/INFO] [FML]: Loading dimension -1 (world) (net.minecraft.server.dedicated.DedicatedServer@3f6284f3)
[00:04:39] [Server thread/INFO] [globalgamerules]: Applying config gamerules to dimension -1 (world)
[00:04:39] [Server thread/INFO] [dsurround]: Creating NETHER weather generator for dimension [the_nether]
[00:04:49] [Server thread/WARN] [FML]: Lycanites Mobs loaded a new chunk [-13, -5] in dimension -1 (the_nether) while populating chunk [-12, -4], causing cascading worldgen lag.
[00:04:49] [Server thread/WARN] [FML]: Please report this to the mod's issue tracker. This log can be disabled in the Forge config.
[00:04:49] [Server thread/WARN] [FML]: Lycanites Mobs loaded a new chunk [-13, -6] in dimension -1 (the_nether) while populating chunk [-13, -5], causing cascading worldgen lag.
[00:04:49] [Server thread/WARN] [FML]: Please report this to the mod's issue tracker. This log can be disabled in the Forge config.
[00:04:49] [Server thread/WARN] [FML]: Lycanites Mobs loaded a new chunk [-13, -4] in dimension -1 (the_nether) while populating chunk [-12, -3], causing cascading worldgen lag.
[00:04:49] [Server thread/WARN] [FML]: Please report this to the mod's issue tracker. This log can be disabled in the Forge config.
[00:04:50] [Server thread/WARN] [FML]: Lycanites Mobs loaded a new chunk [-13, -3] in dimension -1 (the_nether) while populating chunk [-12, -2], causing cascading worldgen lag.
[00:04:50] [Server thread/WARN] [FML]: Please report this to the mod's issue tracker. This log can be disabled in the Forge config.
[00:04:50] [Server thread/WARN] [FML]: Lycanites Mobs loaded a new chunk [-13, 1] in dimension -1 (the_nether) while populating chunk [-12, 2], causing cascading worldgen lag.
[00:04:50] [Server thread/WARN] [FML]: Please report this to the mod's issue tracker. This log can be disabled in the Forge config.
[00:04:50] [Server thread/WARN] [FML]: Lycanites Mobs loaded a new chunk [-13, 4] in dimension -1 (the_nether) while populating chunk [-12, 5], causing cascading worldgen lag.
[00:04:50] [Server thread/WARN] [FML]: Please report this to the mod's issue tracker. This log can be disabled in the Forge config.
[00:04:50] [Server thread/WARN] [FML]: Lycanites Mobs loaded a new chunk [-13, 5] in dimension -1 (the_nether) while populating chunk [-12, 6], causing cascading worldgen lag.
[00:04:50] [Server thread/WARN] [FML]: Please report this to the mod's issue tracker. This log can be disabled in the Forge config.
[00:04:50] [Server thread/WARN] [FML]: Lycanites Mobs loaded a new chunk [-13, 6] in dimension -1 (the_nether) while populating chunk [-12, 7], causing cascading worldgen lag.
[00:04:50] [Server thread/WARN] [FML]: Please report this to the mod's issue tracker. This log can be disabled in the Forge config.
[00:04:50] [Server thread/WARN] [FML]: Lycanites Mobs loaded a new chunk [-13, 7] in dimension -1 (the_nether) while populating chunk [-12, 8], causing cascading worldgen lag.
[00:04:50] [Server thread/WARN] [FML]: Please report this to the mod's issue tracker. This log can be disabled in the Forge config.
[00:04:50] [Server thread/WARN] [FML]: Lycanites Mobs loaded a new chunk [-14, 6] in dimension -1 (the_nether) while populating chunk [-13, 7], causing cascading worldgen lag.
[00:04:50] [Server thread/WARN] [FML]: Please report this to the mod's issue tracker. This log can be disabled in the Forge config.
[00:04:51] [Server thread/WARN] [FML]: Lycanites Mobs loaded a new chunk [-11, -7] in dimension -1 (the_nether) while populating chunk [-10, -6], causing cascading worldgen lag.
[00:04:51] [Server thread/WARN] [FML]: Please report this to the mod's issue tracker. This log can be disabled in the Forge config.
[00:04:53] [Server thread/WARN] [FML]: Recurrent Complex loaded a new chunk [0, 0] in dimension -1 (the_nether) while populating chunk [-6, 8], causing cascading worldgen lag.
[00:04:53] [Server thread/WARN] [FML]: Please report this to the mod's issue tracker. This log can be disabled in the Forge config.
[00:04:53] [Server thread/WARN] [FML]: Lycanites Mobs loaded a new chunk [-5, -7] in dimension -1 (the_nether) while populating chunk [-4, -6], causing cascading worldgen lag.
[00:04:53] [Server thread/WARN] [FML]: Please report this to the mod's issue tracker. This log can be disabled in the Forge config.
[00:04:53] [Server thread/WARN] [FML]: Lycanites Mobs loaded a new chunk [-6, -7] in dimension -1 (the_nether) while populating chunk [-5, -7], causing cascading worldgen lag.
[00:04:53] [Server thread/WARN] [FML]: Please report this to the mod's issue tracker. This log can be disabled in the Forge config.
[00:04:53] [Server thread/WARN] [FML]: Lycanites Mobs loaded a new chunk [-7, -7] in dimension -1 (the_nether) while populating chunk [-6, -7], causing cascading worldgen lag.
[00:04:53] [Server thread/WARN] [FML]: Please report this to the mod's issue tracker. This log can be disabled in the Forge config.
[00:04:53] [Server thread/WARN] [FML]: Lycanites Mobs loaded a new chunk [-8, -7] in dimension -1 (the_nether) while populating chunk [-6, -7], causing cascading worldgen lag.
[00:04:53] [Server thread/WARN] [FML]: Please report this to the mod's issue tracker. This log can be disabled in the Forge config.
[00:04:54] [Server thread/WARN] [FML]: Recurrent Complex loaded a new chunk [-1, 0] in dimension -1 (the_nether) while populating chunk [-1, -1], causing cascading worldgen lag.
[00:04:54] [Server thread/WARN] [FML]: Please report this to the mod's issue tracker. This log can be disabled in the Forge config.
[00:04:54] [Server thread/WARN] [FML]: Recurrent Complex loaded a new chunk [-2, 0] in dimension -1 (the_nether) while populating chunk [-1, -1], causing cascading worldgen lag.
[00:04:54] [Server thread/WARN] [FML]: Please report this to the mod's issue tracker. This log can be disabled in the Forge config.
[00:04:55] [Server thread/WARN] [FML]: Lycanites Mobs loaded a new chunk [-2, -7] in dimension -1 (the_nether) while populating chunk [-1, -6], causing cascading worldgen lag.
[00:04:55] [Server thread/WARN] [FML]: Please report this to the mod's issue tracker. This log can be disabled in the Forge config.
[00:04:55] [Server thread/WARN] [FML]: Lycanites Mobs loaded a new chunk [-3, -7] in dimension -1 (the_nether) while populating chunk [-2, -7], causing cascading worldgen lag.
[00:04:55] [Server thread/WARN] [FML]: Please report this to the mod's issue tracker. This log can be disabled in the Forge config.
[00:04:55] [Server thread/WARN] [FML]: Lycanites Mobs loaded a new chunk [-4, -7] in dimension -1 (the_nether) while populating chunk [-2, -7], causing cascading worldgen lag.
[00:04:55] [Server thread/WARN] [FML]: Please report this to the mod's issue tracker. This log can be disabled in the Forge config.
[00:04:56] [Server thread/WARN] [FML]: Lycanites Mobs loaded a new chunk [1, -7] in dimension -1 (the_nether) while populating chunk [2, -6], causing cascading worldgen lag.
[00:04:56] [Server thread/WARN] [FML]: Please report this to the mod's issue tracker. This log can be disabled in the Forge config.
[00:04:56] [Server thread/WARN] [FML]: Lycanites Mobs loaded a new chunk [2, -7] in dimension -1 (the_nether) while populating chunk [3, -6], causing cascading worldgen lag.
[00:04:56] [Server thread/WARN] [FML]: Please report this to the mod's issue tracker. This log can be disabled in the Forge config.
[00:04:57] [Server thread/WARN] [net.minecraft.server.MinecraftServer]: Can't keep up! Did the system time change, or is the server overloaded? Running 18107ms behind, skipping 362 tick(s)
[00:04:57] [Server thread/WARN] [net.minecraft.network.NetHandlerPlayServer]: kaneki46531 moved too quickly! -7.729254599243291,0.0,6.635878797275836
[00:04:58] [Server thread/INFO] [globalgamerules]: Saving gamerules of dimension -1 (world) to config
[00:04:58] [Server thread/INFO] [FML]: Unloading dimension -1
[00:05:03] [Server thread/INFO] [net.minecraft.server.dedicated.DedicatedServer]: [kaneki46531: Teleported thiagito_pro1 to kaneki46531]
[00:05:04] [Server thread/INFO] [net.minecraft.server.dedicated.DedicatedServer]: kaneki46531 was slain by thiagito_pro1
[00:06:36] [Server thread/INFO] [net.minecraft.server.dedicated.DedicatedServer]: thiagito_pro1 has made the advancement [Suit Up]
[00:07:19] [Server thread/INFO] [net.minecraft.server.dedicated.DedicatedServer]: kaneki46531 has made the advancement [Suit Up]
[00:08:04] [Server thread/WARN] [net.minecraft.entity.EntityTrackerEntry]: Fetching addPacket for removed entity
[00:08:04] [Server thread/WARN] [net.minecraft.entity.EntityTrackerEntry]: Fetching addPacket for removed entity
[00:08:16] [Server thread/WARN] [net.minecraft.entity.EntityTrackerEntry]: Fetching addPacket for removed entity
[00:08:16] [Server thread/WARN] [net.minecraft.entity.EntityTrackerEntry]: Fetching addPacket for removed entity
[00:09:04] [Server thread/INFO] [net.minecraft.server.dedicated.DedicatedServer]: kaneki46531 was slain by Grue  Lvl 3
[00:10:14] [Server thread/INFO] [net.minecraft.server.dedicated.DedicatedServer]: [kaneki46531: Teleported thiagito_pro1 to kaneki46531]
[00:11:05] [Server thread/INFO] [STDERR]: [com.ferreusveritas.dynamictrees.entities.EntityFallingTree:setData:101]: Warning: Tried to create a EntityFallingTree with no branch blocks. This shouldn't be possible.
[00:11:05] [Server thread/INFO] [STDERR]: [com.ferreusveritas.dynamictrees.entities.EntityFallingTree:setData:102]: java.lang.Exception
[00:11:05] [Server thread/INFO] [STDERR]: [com.ferreusveritas.dynamictrees.entities.EntityFallingTree:setData:102]: 	at com.ferreusveritas.dynamictrees.entities.EntityFallingTree.setData(EntityFallingTree.java:102)
[00:11:05] [Server thread/INFO] [STDERR]: [com.ferreusveritas.dynamictrees.entities.EntityFallingTree:setData:102]: 	at com.ferreusveritas.dynamictrees.entities.EntityFallingTree.dropTree(EntityFallingTree.java:483)
[00:11:05] [Server thread/INFO] [STDERR]: [com.ferreusveritas.dynamictrees.entities.EntityFallingTree:setData:102]: 	at com.ferreusveritas.dynamictrees.blocks.BlockBranch.futureBreak(BlockBranch.java:432)
[00:11:05] [Server thread/INFO] [STDERR]: [com.ferreusveritas.dynamictrees.entities.EntityFallingTree:setData:102]: 	at com.ferreusveritas.dynamictrees.event.FutureBreak.process(FutureBreak.java:47)
[00:11:05] [Server thread/INFO] [STDERR]: [com.ferreusveritas.dynamictrees.entities.EntityFallingTree:setData:102]: 	at com.ferreusveritas.dynamictrees.event.CommonEventHandler.onWorldTick(CommonEventHandler.java:21)
[00:11:05] [Server thread/INFO] [STDERR]: [com.ferreusveritas.dynamictrees.entities.EntityFallingTree:setData:102]: 	at net.minecraftforge.fml.common.eventhandler.ASMEventHandler_993_CommonEventHandler_onWorldTick_WorldTickEvent.invoke(.dynamic)
[00:11:05] [Server thread/INFO] [STDERR]: [com.ferreusveritas.dynamictrees.entities.EntityFallingTree:setData:102]: 	at net.minecraftforge.fml.common.eventhandler.ASMEventHandler.invoke(ASMEventHandler.java:90)
[00:11:05] [Server thread/INFO] [STDERR]: [com.ferreusveritas.dynamictrees.entities.EntityFallingTree:setData:102]: 	at net.minecraftforge.fml.common.eventhandler.EventBus.post(EventBus.java:182)
[00:11:05] [Server thread/INFO] [STDERR]: [com.ferreusveritas.dynamictrees.entities.EntityFallingTree:setData:102]: 	at net.minecraftforge.fml.common.FMLCommonHandler.onPreWorldTick(FMLCommonHandler.java:287)
[00:11:05] [Server thread/INFO] [STDERR]: [com.ferreusveritas.dynamictrees.entities.EntityFallingTree:setData:102]: 	at net.minecraft.server.MinecraftServer.func_71190_q(MinecraftServer.java:752)
[00:11:05] [Server thread/INFO] [STDERR]: [com.ferreusveritas.dynamictrees.entities.EntityFallingTree:setData:102]: 	at net.minecraft.server.dedicated.DedicatedServer.func_71190_q(DedicatedServer.java:397)
[00:11:05] [Server thread/INFO] [STDERR]: [com.ferreusveritas.dynamictrees.entities.EntityFallingTree:setData:102]: 	at net.minecraft.server.MinecraftServer.func_71217_p(MinecraftServer.java:668)
[00:11:05] [Server thread/INFO] [STDERR]: [com.ferreusveritas.dynamictrees.entities.EntityFallingTree:setData:102]: 	at net.minecraft.server.MinecraftServer.run(MinecraftServer.java:526)
[00:11:05] [Server thread/INFO] [STDERR]: [com.ferreusveritas.dynamictrees.entities.EntityFallingTree:setData:102]: 	at java.lang.Thread.run(Thread.java:750)
[00:11:09] [Server thread/WARN] [FML]: Recurrent Complex loaded a new chunk [-8, 34] in dimension 0 (overworld) while populating chunk [-8, 33], causing cascading worldgen lag.
[00:11:09] [Server thread/WARN] [FML]: Please report this to the mod's issue tracker. This log can be disabled in the Forge config.
[00:13:03] [Server thread/INFO] [net.minecraft.server.dedicated.DedicatedServer]: kaneki46531 was burnt to a crisp whilst fighting Afrit  Lvl 2
[00:13:11] [Server thread/INFO] [net.minecraft.server.dedicated.DedicatedServer]: [kaneki46531: Set own game mode to Creative Mode]
[00:13:18] [Server thread/WARN] [FML]: Recurrent Complex loaded a new chunk [-7, 31] in dimension 0 (overworld) while populating chunk [-7, 32], causing cascading worldgen lag.
[00:13:18] [Server thread/WARN] [FML]: Please report this to the mod's issue tracker. This log can be disabled in the Forge config.
[00:13:27] [Server thread/WARN] [FML]: Recurrent Complex loaded a new chunk [-7, 27] in dimension 0 (overworld) while populating chunk [-7, 28], causing cascading worldgen lag.
[00:13:27] [Server thread/WARN] [FML]: Please report this to the mod's issue tracker. This log can be disabled in the Forge config.
[00:15:25] [Server thread/INFO] [net.minecraft.server.dedicated.DedicatedServer]: [kaneki46531: Set own game mode to Survival Mode]
[00:15:43] [Server thread/INFO] [net.minecraft.server.dedicated.DedicatedServer]: [kaneki46531: Teleported thiagito_pro1 to kaneki46531]
[00:15:46] [Server thread/INFO] [net.minecraft.server.dedicated.DedicatedServer]: [kaneki46531: Set own game mode to Survival Mode]
[00:15:48] [Server thread/INFO] [net.minecraft.server.dedicated.DedicatedServer]: [kaneki46531: Set own game mode to Creative Mode]
[00:16:02] [Server thread/INFO] [net.minecraft.server.dedicated.DedicatedServer]: [kaneki46531: Set own game mode to Survival Mode]
[00:16:29] [Server thread/INFO] [net.minecraft.server.dedicated.DedicatedServer]: thiagito_pro1 was slain by Assimilated Human
[00:16:33] [Server thread/INFO] [net.minecraft.server.dedicated.DedicatedServer]: kaneki46531 was slain by thiagito_pro1
[00:16:35] [Thread-85/INFO] [STDOUT]: [com.lycanitesmobs.LycanitesMobs:logInfo:278]: [LycanitesMobs] [Info] [] Online familiars loaded successfully for 10d5933b-703a-3313-a00a-d18f57f1651b.
[00:16:36] [Thread-87/INFO] [STDOUT]: [com.lycanitesmobs.LycanitesMobs:logInfo:278]: [LycanitesMobs] [Info] [] Online familiars loaded successfully for 174b5527-4101-3403-9c37-dd4bb3e7e6c1.
[00:16:38] [Server thread/INFO] [net.minecraft.server.dedicated.DedicatedServer]: [kaneki46531: Set own game mode to Creative Mode]
[00:17:13] [Server thread/INFO] [net.minecraft.server.dedicated.DedicatedServer]: [kaneki46531: Set own game mode to Survival Mode]
[00:17:16] [Server thread/INFO] [net.minecraft.server.dedicated.DedicatedServer]: [kaneki46531: Teleported thiagito_pro1 to kaneki46531]
[00:19:16] [Server thread/INFO] [net.minecraft.server.dedicated.DedicatedServer]: kaneki46531 has made the advancement [Acquire Hardware]
[00:19:51] [Server thread/INFO] [net.minecraft.server.dedicated.DedicatedServer]: [kaneki46531: Teleported thiagito_pro1 to kaneki46531]
[00:23:38] [Server thread/INFO] [net.minecraft.server.dedicated.DedicatedServer]: thiagito_pro1 has made the advancement [Into Fire]
[00:24:44] [Server thread/INFO] [net.minecraft.server.dedicated.DedicatedServer]: [kaneki46531: Teleported kaneki46531 to kaneki46531]
[00:24:51] [Server thread/INFO] [net.minecraft.server.dedicated.DedicatedServer]: [kaneki46531: Teleported kaneki46531 to kaneki46531]
[00:26:55] [Server thread/INFO] [net.minecraft.server.dedicated.DedicatedServer]: kaneki46531 was slain by Zombie
[00:26:58] [Server thread/INFO] [net.minecraft.server.dedicated.DedicatedServer]: [kaneki46531: Teleported kaneki46531 to kaneki46531]
[00:30:32] [Server thread/INFO] [Meson ASM]: Transforming ItemHandlerHelper
[00:30:32] [Server thread/INFO] [Meson ASM]: Applying Transformation to method (Names [insertItem, insertItem, ] Descriptor (Lnet/minecraftforge/items/IItemHandler;Lnet/minecraft/item/ItemStack;Z)Lnet/minecraft/item/ItemStack; / (Lnet/minecraftforge/items/IItemHandler;Laip;Z)Laip;)
[00:30:32] [Server thread/INFO] [Meson ASM]: Located method, patching...
[00:30:32] [Server thread/INFO] [Meson ASM]: Located target ALOAD 0
[00:30:32] [Server thread/INFO] [Meson ASM]: Patch result: true
[00:34:50] [Server thread/INFO] [net.minecraft.server.dedicated.DedicatedServer]: [kaneki46531: Teleported thiagito_pro1 to kaneki46531]
[00:35:19] [Server thread/INFO] [net.minecraft.server.dedicated.DedicatedServer]: [kaneki46531: Set own game mode to Creative Mode]
[00:35:50] [Server thread/INFO] [net.minecraft.server.dedicated.DedicatedServer]: thiagito_pro1 has made the advancement [Acquire Hardware]
[00:36:16] [Server thread/INFO] [net.minecraft.server.dedicated.DedicatedServer]: [kaneki46531: Set own game mode to Survival Mode]
[00:37:04] [Server thread/INFO] [net.minecraft.server.dedicated.DedicatedServer]: thiagito_pro1 was slain by kaneki46531
[00:37:08] [Server thread/INFO] [net.minecraft.server.dedicated.DedicatedServer]: [kaneki46531: Teleported kaneki46531 to kaneki46531]
[00:37:13] [Server thread/INFO] [net.minecraft.server.dedicated.DedicatedServer]: [kaneki46531: Teleported thiagito_pro1 to kaneki46531]
[00:39:39] [Server thread/INFO] [net.minecraft.server.dedicated.DedicatedServer]: [kaneki46531: Teleported thiagito_pro1 to kaneki46531]
[00:40:14] [Server thread/INFO] [net.minecraft.server.dedicated.DedicatedServer]: thiagito_pro1 has made the advancement [Ice Bucket Challenge]
[00:40:17] [Server thread/INFO] [net.minecraft.server.dedicated.DedicatedServer]: thiagito_pro1 was slain by Grue  Lvl 2
[00:40:24] [Server thread/INFO] [net.minecraft.server.dedicated.DedicatedServer]: [kaneki46531: Teleported thiagito_pro1 to kaneki46531]
[00:40:25] [Server thread/INFO] [FML]: Loading dimension -1 (world) (net.minecraft.server.dedicated.DedicatedServer@3f6284f3)
[00:40:25] [Server thread/INFO] [globalgamerules]: Applying config gamerules to dimension -1 (world)
[00:40:26] [Server thread/INFO] [STDOUT]: [atomicstryker.ruins.common.ChunkLoggerData:func_76184_a:24]: Ruins chunks logged: 276
[00:40:26] [Server thread/INFO] [dsurround]: Creating NETHER weather generator for dimension [the_nether]
[00:40:27] [Server thread/INFO] [globalgamerules]: Saving gamerules of dimension -1 (world) to config
[00:40:27] [Server thread/INFO] [FML]: Unloading dimension -1
[00:40:41] [Server thread/INFO] [net.minecraft.server.dedicated.DedicatedServer]: kaneki46531 was slain by Kobold  Lvl 2
[00:40:47] [Server thread/INFO] [net.minecraft.server.dedicated.DedicatedServer]: [kaneki46531: Set own game mode to Creative Mode]
[00:41:39] [Server thread/INFO] [net.minecraft.server.dedicated.DedicatedServer]: [kaneki46531: Set own game mode to Survival Mode]
[00:42:29] [Server thread/INFO] [net.minecraft.server.dedicated.DedicatedServer]: thiagito_pro1 was blown up by Creeper
[00:42:33] [Server thread/INFO] [net.minecraft.server.dedicated.DedicatedServer]: [kaneki46531: Teleported thiagito_pro1 to kaneki46531]
[00:42:44] [Server thread/INFO] [net.minecraft.server.dedicated.DedicatedServer]: [kaneki46531: Set the time to 1000]
[00:43:20] [Server thread/INFO] [net.minecraft.server.dedicated.DedicatedServer]: thiagito_pro1 was slain by Assimilated Human
[00:43:21] [Server thread/INFO] [net.minecraft.server.dedicated.DedicatedServer]: [kaneki46531: Set the time to 1000]
[00:43:24] [Server thread/INFO] [net.minecraft.server.dedicated.DedicatedServer]: [kaneki46531: Teleported thiagito_pro1 to kaneki46531]
[00:43:39] [Server thread/INFO] [net.minecraft.server.dedicated.DedicatedServer]: thiagito_pro1 was slain by Rupter
[00:43:41] [Server thread/INFO] [net.minecraft.server.dedicated.DedicatedServer]: kaneki46531 was slain by Rupter
[00:43:48] [Server thread/INFO] [net.minecraft.server.dedicated.DedicatedServer]: [kaneki46531: Set own game mode to Creative Mode]
[00:44:21] [Server thread/INFO] [net.minecraft.server.dedicated.DedicatedServer]: thiagito_pro1 has made the advancement [Getting an Upgrade]
[00:45:21] [Server thread/INFO] [net.minecraft.server.dedicated.DedicatedServer]: thiagito_pro1 was killed by magic
[00:45:38] [Server thread/INFO] [net.minecraft.server.dedicated.DedicatedServer]: [kaneki46531: Teleported thiagito_pro1 to kaneki46531]
[00:45:40] [Server thread/INFO] [net.minecraft.server.dedicated.DedicatedServer]: thiagito_pro1 has made the advancement [Stone Age]
[00:45:43] [Server thread/INFO] [net.minecraft.server.dedicated.DedicatedServer]: thiagito_pro1 was slain by Walking Head
[00:45:49] [Server thread/INFO] [net.minecraft.server.dedicated.DedicatedServer]: [kaneki46531: Teleported thiagito_pro1 to kaneki46531]
[00:48:15] [Server thread/INFO] [net.minecraft.server.dedicated.DedicatedServer]: [kaneki46531: Set own game mode to Spectator Mode]
[00:48:23] [Server thread/INFO] [net.minecraft.server.dedicated.DedicatedServer]: [kaneki46531: Set own game mode to Survival Mode]
[00:50:32] [Server thread/WARN] [FML]: Ruins Mod loaded a new chunk [-42, 23] in dimension 0 (overworld) while populating chunk [-41, 22], causing cascading worldgen lag.
[00:50:32] [Server thread/WARN] [FML]: Please report this to the mod's issue tracker. This log can be disabled in the Forge config.
[00:50:32] [Server thread/WARN] [FML]: Ruins Mod loaded a new chunk [-42, 22] in dimension 0 (overworld) while populating chunk [-41, 22], causing cascading worldgen lag.
[00:50:32] [Server thread/WARN] [FML]: Please report this to the mod's issue tracker. This log can be disabled in the Forge config.
[00:50:32] [Server thread/WARN] [FML]: Lycanites Mobs loaded a new chunk [-42, 21] in dimension 0 (overworld) while populating chunk [-41, 21], causing cascading worldgen lag.
[00:50:32] [Server thread/WARN] [FML]: Please report this to the mod's issue tracker. This log can be disabled in the Forge config.
[00:50:36] [Server thread/WARN] [FML]: Lycanites Mobs loaded a new chunk [-42, 16] in dimension 0 (overworld) while populating chunk [-42, 17], causing cascading worldgen lag.
[00:50:36] [Server thread/WARN] [FML]: Please report this to the mod's issue tracker. This log can be disabled in the Forge config.
[00:50:36] [Server thread/WARN] [FML]: Lycanites Mobs loaded a new chunk [-42, 15] in dimension 0 (overworld) while populating chunk [-42, 17], causing cascading worldgen lag.
[00:50:36] [Server thread/WARN] [FML]: Please report this to the mod's issue tracker. This log can be disabled in the Forge config.
[00:50:36] [Server thread/WARN] [FML]: Quark loaded a new chunk [-43, 33] in dimension 0 (overworld) while populating chunk [-42, 33], causing cascading worldgen lag.
[00:50:36] [Server thread/WARN] [FML]: Please report this to the mod's issue tracker. This log can be disabled in the Forge config.
[00:50:46] [Server thread/WARN] [FML]: Recurrent Complex loaded a new chunk [-44, 28] in dimension 0 (overworld) while populating chunk [-44, 27], causing cascading worldgen lag.
[00:50:46] [Server thread/WARN] [FML]: Please report this to the mod's issue tracker. This log can be disabled in the Forge config.
[00:50:59] [Server thread/INFO] [net.minecraft.server.dedicated.DedicatedServer]: thiagito_pro1 was incinerated by a dragon
[00:51:00] [Server thread/INFO] [net.minecraft.server.dedicated.DedicatedServer]: [kaneki46531: Teleported thiagito_pro1 to kaneki46531]
[00:51:01] [Thread-147/INFO] [STDOUT]: [com.lycanitesmobs.LycanitesMobs:logInfo:278]: [LycanitesMobs] [Info] [] Online familiars loaded successfully for 174b5527-4101-3403-9c37-dd4bb3e7e6c1.
[00:51:04] [Server thread/INFO] [net.minecraft.server.dedicated.DedicatedServer]: [kaneki46531: Teleported thiagito_pro1 to kaneki46531]
[00:51:15] [Server thread/INFO] [net.minecraft.server.dedicated.DedicatedServer]: [kaneki46531: Set own game mode to Creative Mode]
[00:51:37] [Server thread/INFO] [net.minecraft.server.dedicated.DedicatedServer]: [kaneki46531: Set own game mode to Survival Mode]
[00:51:44] [Server thread/INFO] [Scaling Health]: Blight Skeleton has died
[00:51:58] [Server thread/INFO] [net.minecraft.server.dedicated.DedicatedServer]: thiagito_pro1 was turned into KFC by a dragon
[00:53:20] [Server thread/INFO] [net.minecraft.server.dedicated.DedicatedServer]: [kaneki46531: Set own game mode to Creative Mode]
[00:53:32] [Server thread/INFO] [net.minecraft.server.dedicated.DedicatedServer]: [kaneki46531: Teleported thiagito_pro1 to kaneki46531]
[00:53:49] [Server thread/INFO] [net.minecraft.server.dedicated.DedicatedServer]: [kaneki46531: Set own game mode to Survival Mode]
[00:54:15] [Server thread/INFO] [net.minecraft.server.dedicated.DedicatedServer]: [kaneki46531: Set own game mode to Creative Mode]
[00:54:29] [Server thread/INFO] [net.minecraft.server.dedicated.DedicatedServer]: [kaneki46531: Set own game mode to Survival Mode]
[00:54:59] [Server thread/INFO] [net.minecraft.server.dedicated.DedicatedServer]: [kaneki46531: Set own game mode to Survival Mode]
[00:55:01] [Server thread/INFO] [net.minecraft.server.dedicated.DedicatedServer]: [kaneki46531: Set own game mode to Creative Mode]
[00:55:53] [Server thread/ERROR] [RLTweaker]: Entity moving too fast! HIGHEST NaN com.dhanantry.scapeandrunparasites.entity.monster.infected.EntityInfWolf - -533.3000000119209 63.0 440.69999998807907 NaN NaN NaN hurt time:0 dead:false pitch:0.0 yaw:316.3662
[00:56:39] [Server thread/INFO] [net.minecraft.server.dedicated.DedicatedServer]: [kaneki46531: Set own game mode to Survival Mode]
[00:56:42] [Server thread/INFO] [FML]: Loading dimension -1 (world) (net.minecraft.server.dedicated.DedicatedServer@3f6284f3)
[00:56:42] [Server thread/INFO] [globalgamerules]: Applying config gamerules to dimension -1 (world)
[00:56:42] [Server thread/INFO] [STDOUT]: [atomicstryker.ruins.common.ChunkLoggerData:func_76184_a:24]: Ruins chunks logged: 276
[00:56:42] [Server thread/INFO] [dsurround]: Creating NETHER weather generator for dimension [the_nether]
[00:56:43] [Server thread/INFO] [globalgamerules]: Saving gamerules of dimension -1 (world) to config
[00:56:44] [Server thread/INFO] [FML]: Unloading dimension -1
[00:58:39] [Server thread/INFO] [net.minecraft.server.dedicated.DedicatedServer]: [kaneki46531: Set own game mode to Creative Mode]
[01:07:45] [Server thread/INFO] [net.minecraft.server.dedicated.DedicatedServer]: thiagito_pro1 was slain by Incomplete Form
[01:07:52] [Server thread/INFO] [net.minecraft.server.dedicated.DedicatedServer]: [kaneki46531: Teleported thiagito_pro1 to kaneki46531]
[01:09:14] [Server thread/INFO] [net.minecraft.server.dedicated.DedicatedServer]: [kaneki46531: Set own game mode to Survival Mode]
[01:09:50] [Server thread/INFO] [net.minecraft.server.dedicated.DedicatedServer]: [kaneki46531: Teleported thiagito_pro1 to kaneki46531]
[01:10:06] [Server thread/INFO] [net.minecraft.server.dedicated.DedicatedServer]: [kaneki46531: Set own game mode to Creative Mode]
[01:11:00] [Server thread/INFO] [net.minecraft.server.dedicated.DedicatedServer]: thiagito_pro1 was electrocuted after failing to pick an enchanted lock
[01:11:05] [Server thread/INFO] [net.minecraft.server.dedicated.DedicatedServer]: [kaneki46531: Teleported thiagito_pro1 to kaneki46531]
[01:11:49] [Server thread/INFO] [net.minecraft.server.dedicated.DedicatedServer]: [kaneki46531: Set own game mode to Survival Mode]
[01:12:16] [Server thread/WARN] [net.minecraft.server.MinecraftServer]: Can't keep up! Did the system time change, or is the server overloaded? Running 2376ms behind, skipping 47 tick(s)
[01:13:19] [Server thread/INFO] [AIReducer]: Caching Wrapped Task Constructor: com.charles445.aireducer.ai.myrmexold.WrappedTaskOldMyrmexAILeaveHive
[01:13:19] [Server thread/INFO] [AIReducer]: Caching Wrapped Task Constructor: com.charles445.aireducer.ai.myrmexold.WrappedTaskOldMyrmexAIMoveThroughHive
[01:13:19] [Server thread/INFO] [AIReducer]: Caching Wrapped Task Constructor: com.charles445.aireducer.ai.myrmexold.WrappedTaskOldMyrmexAIReEnterHive
[01:13:19] [Server thread/INFO] [AIReducer]: Caching Wrapped Task Constructor: com.charles445.aireducer.ai.myrmexold.WrappedProximityTaskOldMyrmex
[01:13:19] [Server thread/INFO] [AIReducer]: Caching Wrapped Task Constructor: com.charles445.aireducer.ai.myrmexold.WrappedTaskOldMyrmexAIForage
[01:13:19] [Server thread/INFO] [AIReducer]: Caching Wrapped Task Constructor: com.charles445.aireducer.ai.myrmexold.WrappedTaskOldMyrmexAIFindHidingSpot
[01:13:19] [Server thread/INFO] [AIReducer]: Caching Wrapped Task Constructor: com.charles445.aireducer.ai.myrmexold.WrappedTaskOldMyrmexAIEscortEntity
[01:13:19] [Server thread/INFO] [RLTweaker]: Clearing broken myrmex queen trades: BlockPos{x=-600, y=47, z=600}
[01:13:31] [Server thread/INFO] [net.minecraft.server.dedicated.DedicatedServer]: [kaneki46531: Set the time to 1000]
[01:13:41] [Server thread/INFO] [net.minecraft.server.dedicated.DedicatedServer]: [kaneki46531: Set own game mode to Creative Mode]
[01:15:11] [Server thread/INFO] [net.minecraft.server.dedicated.DedicatedServer]: [kaneki46531: Set own game mode to Survival Mode]
[01:15:29] [Server thread/INFO] [net.minecraft.server.dedicated.DedicatedServer]: [kaneki46531: Set own game mode to Creative Mode]
[01:15:30] [Server thread/WARN] [net.minecraft.entity.EntityTrackerEntry]: Fetching addPacket for removed entity
[01:16:25] [Server thread/INFO] [net.minecraft.server.dedicated.DedicatedServer]: [kaneki46531: Set own game mode to Survival Mode]
[01:16:31] [Server thread/INFO] [net.minecraft.server.dedicated.DedicatedServer]: [kaneki46531: Teleported thiagito_pro1 to kaneki46531]
[01:18:59] [Server thread/INFO] [net.minecraft.server.dedicated.DedicatedServer]: kaneki46531 has made the advancement [Diamonds!]
[01:19:08] [Server thread/INFO] [net.minecraft.server.dedicated.DedicatedServer]: thiagito_pro1 has made the advancement [Attack!]
[01:19:08] [Server thread/INFO] [net.minecraft.server.dedicated.DedicatedServer]: thiagito_pro1 was shot by Skeleton
[01:19:13] [Server thread/INFO] [net.minecraft.server.dedicated.DedicatedServer]: kaneki46531 fell from a high place
[01:19:15] [Thread-193/INFO] [STDOUT]: [com.lycanitesmobs.LycanitesMobs:logInfo:278]: [LycanitesMobs] [Info] [] Online familiars loaded successfully for 10d5933b-703a-3313-a00a-d18f57f1651b.
[01:19:38] [Server thread/INFO] [net.minecraft.server.dedicated.DedicatedServer]: [kaneki46531: Set own game mode to Creative Mode]
[01:20:01] [Server thread/INFO] [net.minecraft.server.dedicated.DedicatedServer]: [kaneki46531: Teleported thiagito_pro1 to kaneki46531]
[01:21:00] [Server thread/INFO] [net.minecraft.server.dedicated.DedicatedServer]: [kaneki46531: Teleported thiagito_pro1 to kaneki46531]
[01:22:05] [Server thread/INFO] [net.minecraft.server.dedicated.DedicatedServer]: kaneki46531 has made the advancement [Isn't It Iron Pick]
[01:22:20] [Server thread/INFO] [net.minecraft.server.dedicated.DedicatedServer]: thiagito_pro1 was incinerated by a dragon
[01:22:21] [Thread-199/INFO] [STDOUT]: [com.lycanitesmobs.LycanitesMobs:logInfo:278]: [LycanitesMobs] [Info] [] Online familiars loaded successfully for 174b5527-4101-3403-9c37-dd4bb3e7e6c1.
[01:22:29] [Server thread/INFO] [net.minecraft.server.dedicated.DedicatedServer]: [kaneki46531: Teleported thiagito_pro1 to kaneki46531]
[01:22:43] [Server thread/INFO] [net.minecraft.server.dedicated.DedicatedServer]: thiagito_pro1 was turned into KFC by a dragon
[01:22:50] [Server thread/WARN] [FML]: Recurrent Complex loaded a new chunk [-46, 28] in dimension 0 (overworld) while populating chunk [-45, 28], causing cascading worldgen lag.
[01:22:50] [Server thread/WARN] [FML]: Please report this to the mod's issue tracker. This log can be disabled in the Forge config.
[01:23:07] [Server thread/INFO] [net.minecraft.network.NetHandlerPlayServer]: thiagito_pro1 lost connection: Disconnected
[01:23:07] [Server thread/INFO] [net.minecraft.server.dedicated.DedicatedServer]: thiagito_pro1 left the game
[01:23:15] [Server thread/INFO] [net.minecraft.server.dedicated.DedicatedServer]: [kaneki46531: Set own game mode to Survival Mode]
[01:23:19] [Server thread/INFO] [net.minecraft.network.NetHandlerPlayServer]: kaneki46531 lost connection: Disconnected
[01:23:19] [Server thread/INFO] [net.minecraft.server.dedicated.DedicatedServer]: kaneki46531 left the game
[01:23:44] [Server thread/INFO] [net.minecraft.server.dedicated.DedicatedServer]: Stopping the server
[01:23:44] [Server thread/INFO] [AUW]: Stopping DS...
[01:23:44] [Server thread/INFO] [net.minecraft.server.MinecraftServer]: Stopping server
[01:23:44] [Server thread/INFO] [net.minecraft.server.MinecraftServer]: Saving players
[01:23:44] [Server thread/INFO] [net.minecraft.server.MinecraftServer]: Saving worlds
[01:23:44] [Server thread/INFO] [net.minecraft.server.MinecraftServer]: Saving chunks for level 'world'/overworld
[01:23:44] [Server thread/INFO] [globalgamerules]: Saving gamerules of dimension 0 (world) to config
[01:23:44] [Server thread/INFO] [FML]: Unloading dimension 0
[01:23:44] [Server Shutdown Thread/INFO] [net.minecraft.server.MinecraftServer]: Stopping server
[01:23:44] [Server Shutdown Thread/INFO] [net.minecraft.server.MinecraftServer]: Saving players
[01:23:44] [Server Shutdown Thread/INFO] [net.minecraft.server.MinecraftServer]: Saving worlds
